<?xml version="1.0" encoding="UTF-8"?>
<!-- Generated by org.testng.reporters.JUnitXMLReporter -->
<testsuite ignored="1" hostname="LAPTOP-7PHO720U" failures="0" tests="1" name="Default test" time="103.449" errors="0" timestamp="2025-09-18T19:33:45 IST">
  <testcase classname="com.tutorialsnija.qa.testcases.Login" name="verifyLoginWithValidCredentials" time="1.934"/>
  <testcase classname="com.tutorialsnija.qa.testcases.Login" name="verifyLoginWithValidCredentialsExcelData" time="0.0">
    <ignored/>
  </testcase> <!-- verifyLoginWithValidCredentialsExcelData -->
</testsuite> <!-- Default test -->
