<?xml version="1.0" encoding="UTF-8"?>
<!-- Generated by org.testng.reporters.JUnitXMLReporter -->
<testsuite ignored="1" hostname="LAPTOP-7PHO720U" failures="0" tests="2" name="Test" time="22.769" errors="0" timestamp="2025-09-11T22:57:34 IST">
  <testcase classname="com.tutorialsnija.qa.testcases.Login" name="verifyLoginWithValidCredentials" time="0.816"/>
  <testcase classname="com.tutorialsnija.qa.testcases.Register" name="VerifyRegisterPage" time="4.323"/>
  <testcase classname="com.tutorialsnija.qa.testcases.Login" name="verifyLoginWithValidCredentialsExcelData" time="0.0">
    <ignored/>
  </testcase> <!-- verifyLoginWithValidCredentialsExcelData -->
</testsuite> <!-- Test -->
