<?xml version="1.0" encoding="UTF-8"?>
<testng-results ignored="1" total="2" passed="1" failed="0" skipped="0">
  <reporter-output>
  </reporter-output>
  <suite started-at="2025-09-18T19:32:01 IST" name="Default suite" finished-at="2025-09-18T19:33:44 IST" duration-ms="103449">
    <groups>
    </groups>
    <test started-at="2025-09-18T19:32:01 IST" name="Default test" finished-at="2025-09-18T19:33:44 IST" duration-ms="103449">
      <class name="com.tutorialsnija.qa.testcases.Login">
        <test-method is-config="true" signature="initilizaBrowserAndOpenApplicationURL()[pri:0, instance:com.tutorialsnija.qa.testcases.Login@44ebcd03]" started-at="2025-09-18T19:32:01 IST" name="initilizaBrowserAndOpenApplicationURL" finished-at="2025-09-18T19:33:41 IST" duration-ms="99524" status="PASS">
          <reporter-output>
          </reporter-output>
        </test-method> <!-- initilizaBrowserAndOpenApplicationURL -->
        <test-method signature="verifyLoginWithValidCredentials()[pri:0, instance:com.tutorialsnija.qa.testcases.Login@44ebcd03]" started-at="2025-09-18T19:33:41 IST" name="verifyLoginWithValidCredentials" finished-at="2025-09-18T19:33:43 IST" duration-ms="1934" status="PASS">
          <reporter-output>
          </reporter-output>
        </test-method> <!-- verifyLoginWithValidCredentials -->
        <test-method is-config="true" signature="tearnDown()[pri:0, instance:com.tutorialsnija.qa.testcases.Login@44ebcd03]" started-at="2025-09-18T19:33:43 IST" name="tearnDown" finished-at="2025-09-18T19:33:44 IST" duration-ms="1906" status="PASS">
          <reporter-output>
          </reporter-output>
        </test-method> <!-- tearnDown -->
      </class> <!-- com.tutorialsnija.qa.testcases.Login -->
    </test> <!-- Default test -->
  </suite> <!-- Default suite -->
</testng-results>
