<?xml version="1.0" encoding="UTF-8"?>
<!-- Generated by org.testng.reporters.JUnitReportReporter -->
<testsuite hostname="LAPTOP-7PHO720U" failures="0" tests="2" name="com.tutorialsnija.qa.testcases.Login" time="103.364" errors="0" timestamp="2025-09-18T19:33:45 IST" skipped="1">
  <testcase classname="com.tutorialsnija.qa.testcases.Login" name="verifyLoginWithValidCredentials" time="103.364"/>
  <system-out/>
  <testcase classname="com.tutorialsnija.qa.testcases.Login" name="verifyLoginWithValidCredentialsExcelData">
    <skipped/>
  </testcase> <!-- verifyLoginWithValidCredentialsExcelData -->
  <system-out/>
</testsuite> <!-- com.tutorialsnija.qa.testcases.Login -->
